<?xml version="1.0" encoding="UTF-8"?>
<testng-results ignored="0" total="2" passed="2" failed="0" skipped="0">
  <reporter-output>
  </reporter-output>
  <suite started-at="2024-07-02T15:50:12 IST" name="Default suite" finished-at="2024-07-02T15:50:25 IST" duration-ms="13052">
    <groups>
    </groups>
    <test started-at="2024-07-02T15:50:12 IST" name="Default test" finished-at="2024-07-02T15:50:25 IST" duration-ms="13052">
      <class name="RegisterTest.RegisterUserTest">
        <test-method is-config="true" signature="setup()[pri:0, instance:RegisterTest.RegisterUserTest@2034b64c]" started-at="2024-07-02T15:50:12 IST" name="setup" finished-at="2024-07-02T15:50:15 IST" duration-ms="3144" status="PASS">
          <reporter-output>
          </reporter-output>
        </test-method> <!-- setup -->
        <test-method signature="registeruser2test()[pri:0, instance:RegisterTest.RegisterUserTest@2034b64c]" started-at="2024-07-02T15:50:15 IST" name="registeruser2test" finished-at="2024-07-02T15:50:20 IST" duration-ms="4871" status="PASS">
          <reporter-output>
          </reporter-output>
        </test-method> <!-- registeruser2test -->
        <test-method signature="reistertest()[pri:0, instance:RegisterTest.RegisterUserTest@2034b64c]" started-at="2024-07-02T15:50:20 IST" name="reistertest" finished-at="2024-07-02T15:50:25 IST" duration-ms="4532" status="PASS">
          <reporter-output>
          </reporter-output>
        </test-method> <!-- reistertest -->
        <test-method is-config="true" signature="teardown()[pri:0, instance:RegisterTest.RegisterUserTest@2034b64c]" started-at="2024-07-02T15:50:25 IST" name="teardown" finished-at="2024-07-02T15:50:25 IST" duration-ms="422" status="PASS">
          <reporter-output>
          </reporter-output>
        </test-method> <!-- teardown -->
      </class> <!-- RegisterTest.RegisterUserTest -->
    </test> <!-- Default test -->
  </suite> <!-- Default suite -->
</testng-results>
